[ 2017-02-22T09:58:08+08:00 ] ::1 /lf/admin
INFO: [ app_init ] --START--
INFO: Run Behavior\BuildLiteBehavior [ RunTime:0.000019s ]
INFO: [ app_init ] --END-- [ RunTime:0.000519s ]
INFO: [ app_begin ] --START--
INFO: Run Behavior\ReadHtmlCacheBehavior [ RunTime:0.000856s ]
INFO: [ app_begin ] --END-- [ RunTime:0.000927s ]
INFO: [ view_parse ] --START--
INFO: [ template_filter ] --START--
INFO: Run Behavior\ContentReplaceBehavior [ RunTime:0.000068s ]
INFO: [ template_filter ] --END-- [ RunTime:0.000145s ]
INFO: Run Behavior\ParseTemplateBehavior [ RunTime:0.016861s ]
INFO: [ view_parse ] --END-- [ RunTime:0.016937s ]
INFO: [ view_filter ] --START--
INFO: Run Behavior\WriteHtmlCacheBehavior [ RunTime:0.000569s ]
INFO: [ view_filter ] --END-- [ RunTime:0.000625s ]

[ 2017-02-22T09:58:09+08:00 ] ::1 /lf/index.php/Admin/User/login.html
INFO: [ app_init ] --START--
INFO: Run Behavior\BuildLiteBehavior [ RunTime:0.000019s ]
INFO: [ app_init ] --END-- [ RunTime:0.000436s ]
INFO: [ app_begin ] --START--
INFO: Run Behavior\ReadHtmlCacheBehavior [ RunTime:0.000697s ]
INFO: [ app_begin ] --END-- [ RunTime:0.000762s ]
NOTIC: [8] Undefined index: name E:\phpStudy\WWW\lf\Application\Admin\Controller\UserController.class.php 第 7 行.
INFO: [ view_parse ] --START--
INFO: [ template_filter ] --START--
INFO: Run Behavior\ContentReplaceBehavior [ RunTime:0.000073s ]
INFO: [ template_filter ] --END-- [ RunTime:0.000156s ]
INFO: Run Behavior\ParseTemplateBehavior [ RunTime:0.010229s ]
INFO: [ view_parse ] --END-- [ RunTime:0.010310s ]
INFO: [ view_filter ] --START--
INFO: Run Behavior\WriteHtmlCacheBehavior [ RunTime:0.000315s ]
INFO: [ view_filter ] --END-- [ RunTime:0.000369s ]
INFO: [ app_end ] --START--
INFO: Run Behavior\ShowPageTraceBehavior [ RunTime:0.000797s ]
INFO: [ app_end ] --END-- [ RunTime:0.000851s ]

[ 2017-02-22T09:58:18+08:00 ] ::1 /lf/index.php/Admin/User/login.html
INFO: [ app_init ] --START--
INFO: Run Behavior\BuildLiteBehavior [ RunTime:0.000020s ]
INFO: [ app_init ] --END-- [ RunTime:0.000500s ]
INFO: [ app_begin ] --START--
INFO: Run Behavior\ReadHtmlCacheBehavior [ RunTime:0.000835s ]
INFO: [ app_begin ] --END-- [ RunTime:0.000900s ]
SQL: SHOW COLUMNS FROM `lf_admin_user` [ RunTime:0.0160s ]
SQL: SELECT * FROM `lf_admin_user` WHERE `uname` = 'admin' LIMIT 1   [ RunTime:0.0006s ]
INFO: [ view_parse ] --START--
INFO: [ template_filter ] --START--
INFO: Run Behavior\ContentReplaceBehavior [ RunTime:0.000051s ]
INFO: [ template_filter ] --END-- [ RunTime:0.000120s ]
INFO: Run Behavior\ParseTemplateBehavior [ RunTime:0.008403s ]
INFO: [ view_parse ] --END-- [ RunTime:0.008488s ]
INFO: [ view_filter ] --START--
INFO: Run Behavior\WriteHtmlCacheBehavior [ RunTime:0.000403s ]
INFO: [ view_filter ] --END-- [ RunTime:0.000457s ]

[ 2017-02-22T09:58:21+08:00 ] ::1 /lf/index.php/Admin/User/login.html
INFO: [ app_init ] --START--
INFO: Run Behavior\BuildLiteBehavior [ RunTime:0.000027s ]
INFO: [ app_init ] --END-- [ RunTime:0.000646s ]
INFO: [ app_begin ] --START--
INFO: Run Behavior\ReadHtmlCacheBehavior [ RunTime:0.000996s ]
INFO: [ app_begin ] --END-- [ RunTime:0.001091s ]
NOTIC: [8] Undefined index: name E:\phpStudy\WWW\lf\Application\Admin\Controller\UserController.class.php 第 7 行.
INFO: [ view_parse ] --START--
INFO: [ template_filter ] --START--
INFO: Run Behavior\ContentReplaceBehavior [ RunTime:0.000058s ]
INFO: [ template_filter ] --END-- [ RunTime:0.000128s ]
INFO: Run Behavior\ParseTemplateBehavior [ RunTime:0.008953s ]
INFO: [ view_parse ] --END-- [ RunTime:0.009020s ]
INFO: [ view_filter ] --START--
INFO: Run Behavior\WriteHtmlCacheBehavior [ RunTime:0.000285s ]
INFO: [ view_filter ] --END-- [ RunTime:0.000338s ]
INFO: [ app_end ] --START--
INFO: Run Behavior\ShowPageTraceBehavior [ RunTime:0.000815s ]
INFO: [ app_end ] --END-- [ RunTime:0.000873s ]

[ 2017-02-22T09:58:28+08:00 ] ::1 /lf/index.php/Admin/User/login.html
INFO: [ app_init ] --START--
INFO: Run Behavior\BuildLiteBehavior [ RunTime:0.000020s ]
INFO: [ app_init ] --END-- [ RunTime:0.000439s ]
INFO: [ app_begin ] --START--
INFO: Run Behavior\ReadHtmlCacheBehavior [ RunTime:0.000658s ]
INFO: [ app_begin ] --END-- [ RunTime:0.000720s ]
SQL: SHOW COLUMNS FROM `lf_admin_user` [ RunTime:0.0062s ]
SQL: SELECT * FROM `lf_admin_user` WHERE `uname` = 'admin' LIMIT 1   [ RunTime:0.0004s ]
INFO: [ view_parse ] --START--
INFO: [ template_filter ] --START--
INFO: Run Behavior\ContentReplaceBehavior [ RunTime:0.000073s ]
INFO: [ template_filter ] --END-- [ RunTime:0.000173s ]
INFO: Run Behavior\ParseTemplateBehavior [ RunTime:0.010888s ]
INFO: [ view_parse ] --END-- [ RunTime:0.010999s ]
INFO: [ view_filter ] --START--
INFO: Run Behavior\WriteHtmlCacheBehavior [ RunTime:0.000411s ]
INFO: [ view_filter ] --END-- [ RunTime:0.000491s ]
INFO: [ app_end ] --START--
INFO: Run Behavior\ShowPageTraceBehavior [ RunTime:0.000954s ]
INFO: [ app_end ] --END-- [ RunTime:0.001037s ]

[ 2017-02-22T09:58:30+08:00 ] ::1 /lf/index.php/Admin/Index/index.html
INFO: [ app_init ] --START--
INFO: Run Behavior\BuildLiteBehavior [ RunTime:0.000019s ]
INFO: [ app_init ] --END-- [ RunTime:0.000438s ]
INFO: [ app_begin ] --START--
INFO: Run Behavior\ReadHtmlCacheBehavior [ RunTime:0.000658s ]
INFO: [ app_begin ] --END-- [ RunTime:0.000718s ]
SQL: SHOW COLUMNS FROM `lf_admin_user` [ RunTime:0.0064s ]
SQL: SHOW COLUMNS FROM `lf_member` [ RunTime:0.0066s ]
INFO: [ view_parse ] --START--
INFO: [ template_filter ] --START--
INFO: Run Behavior\ContentReplaceBehavior [ RunTime:0.000099s ]
INFO: [ template_filter ] --END-- [ RunTime:0.000191s ]
INFO: Run Behavior\ParseTemplateBehavior [ RunTime:0.014111s ]
INFO: [ view_parse ] --END-- [ RunTime:0.014247s ]
INFO: [ view_filter ] --START--
INFO: Run Behavior\WriteHtmlCacheBehavior [ RunTime:0.000595s ]
INFO: [ view_filter ] --END-- [ RunTime:0.000685s ]
INFO: [ app_end ] --START--
INFO: Run Behavior\ShowPageTraceBehavior [ RunTime:0.000903s ]
INFO: [ app_end ] --END-- [ RunTime:0.000971s ]

[ 2017-02-22T09:58:31+08:00 ] ::1 /lf/index.php/Admin/Index/index.html
INFO: [ app_init ] --START--
INFO: Run Behavior\BuildLiteBehavior [ RunTime:0.000019s ]
INFO: [ app_init ] --END-- [ RunTime:0.000446s ]
INFO: [ app_begin ] --START--
INFO: Run Behavior\ReadHtmlCacheBehavior [ RunTime:0.000654s ]
INFO: [ app_begin ] --END-- [ RunTime:0.000715s ]
SQL: SHOW COLUMNS FROM `lf_admin_user` [ RunTime:0.0072s ]
SQL: SHOW COLUMNS FROM `lf_member` [ RunTime:0.0064s ]
INFO: [ view_parse ] --START--
INFO: [ template_filter ] --START--
INFO: Run Behavior\ContentReplaceBehavior [ RunTime:0.000093s ]
INFO: [ template_filter ] --END-- [ RunTime:0.000190s ]
INFO: Run Behavior\ParseTemplateBehavior [ RunTime:0.015913s ]
INFO: [ view_parse ] --END-- [ RunTime:0.016043s ]
INFO: [ view_filter ] --START--
INFO: Run Behavior\WriteHtmlCacheBehavior [ RunTime:0.000501s ]
INFO: [ view_filter ] --END-- [ RunTime:0.000584s ]
INFO: [ app_end ] --START--
INFO: Run Behavior\ShowPageTraceBehavior [ RunTime:0.000790s ]
INFO: [ app_end ] --END-- [ RunTime:0.000856s ]

[ 2017-02-22T09:58:32+08:00 ] ::1 /lf/index.php/Admin/Index/info.html
INFO: [ app_init ] --START--
INFO: Run Behavior\BuildLiteBehavior [ RunTime:0.000032s ]
INFO: [ app_init ] --END-- [ RunTime:0.000546s ]
INFO: [ app_begin ] --START--
INFO: Run Behavior\ReadHtmlCacheBehavior [ RunTime:0.000801s ]
INFO: [ app_begin ] --END-- [ RunTime:0.000889s ]
SQL: SHOW COLUMNS FROM `lf_admin_user` [ RunTime:0.0067s ]
SQL: SHOW COLUMNS FROM `lf_member` [ RunTime:0.0065s ]
ERR: 非法操作:info

[ 2017-02-22T09:58:35+08:00 ] ::1 /lf/index.php/Admin/Index/memberList.html
INFO: [ app_init ] --START--
INFO: Run Behavior\BuildLiteBehavior [ RunTime:0.000021s ]
INFO: [ app_init ] --END-- [ RunTime:0.000443s ]
INFO: [ app_begin ] --START--
INFO: Run Behavior\ReadHtmlCacheBehavior [ RunTime:0.000658s ]
INFO: [ app_begin ] --END-- [ RunTime:0.000719s ]
SQL: SHOW COLUMNS FROM `lf_admin_user` [ RunTime:0.0061s ]
SQL: SHOW COLUMNS FROM `lf_member` [ RunTime:0.0060s ]
ERR: 1146:Table 'lf.member_info' doesn't exist
 [ SQL语句 ] : SELECT * FROM `lf_member` INNER JOIN member_info ON member.uid=member_info.uid  
ERR: 1146:Table 'lf.member_info' doesn't exist
 [ SQL语句 ] : SELECT * FROM `lf_member` INNER JOIN member_info ON member.uid=member_info.uid  

[ 2017-02-22T09:59:53+08:00 ] ::1 /lf/index.php/Admin/Index/memberList.html
INFO: [ app_init ] --START--
INFO: Run Behavior\BuildLiteBehavior [ RunTime:0.000018s ]
INFO: [ app_init ] --END-- [ RunTime:0.000448s ]
INFO: [ app_begin ] --START--
INFO: Run Behavior\ReadHtmlCacheBehavior [ RunTime:0.000659s ]
INFO: [ app_begin ] --END-- [ RunTime:0.000719s ]
SQL: SHOW COLUMNS FROM `lf_admin_user` [ RunTime:0.0069s ]
SQL: SHOW COLUMNS FROM `lf_member` [ RunTime:0.0062s ]
ERR: 1054:Unknown column 'member.uid' in 'on clause'
 [ SQL语句 ] : SELECT * FROM `lf_member` INNER JOIN lf_member_info ON member.uid=lf_member_info.uid  
ERR: 1054:Unknown column 'member.uid' in 'on clause'
 [ SQL语句 ] : SELECT * FROM `lf_member` INNER JOIN lf_member_info ON member.uid=lf_member_info.uid  

[ 2017-02-22T10:05:02+08:00 ] ::1 /lf/index.php/Admin/Index/memberList.html
INFO: [ app_init ] --START--
INFO: Run Behavior\BuildLiteBehavior [ RunTime:0.000019s ]
INFO: [ app_init ] --END-- [ RunTime:0.000501s ]
INFO: [ app_begin ] --START--
INFO: Run Behavior\ReadHtmlCacheBehavior [ RunTime:0.000831s ]
INFO: [ app_begin ] --END-- [ RunTime:0.000892s ]
SQL: SHOW COLUMNS FROM `lf_admin_user` [ RunTime:0.0068s ]
SQL: SHOW COLUMNS FROM `lf_member` [ RunTime:0.0067s ]
ERR: 1064:You have an error in your SQL syntax; check the manual that corresponds to your MySQL server version for the right syntax to use near '{DB_PREFIX}member_info ON {DB_PREFIX}member.uid={DB_PREFIX}member_info.uid' at line 1
 [ SQL语句 ] : SELECT * FROM `lf_member` INNER JOIN {DB_PREFIX}member_info ON {DB_PREFIX}member.uid={DB_PREFIX}member_info.uid  
ERR: 1064:You have an error in your SQL syntax; check the manual that corresponds to your MySQL server version for the right syntax to use near '{DB_PREFIX}member_info ON {DB_PREFIX}member.uid={DB_PREFIX}member_info.uid' at line 1
 [ SQL语句 ] : SELECT * FROM `lf_member` INNER JOIN {DB_PREFIX}member_info ON {DB_PREFIX}member.uid={DB_PREFIX}member_info.uid  

[ 2017-02-22T10:07:58+08:00 ] ::1 /lf/index.php/Admin/Index/memberList.html
INFO: [ app_init ] --START--
INFO: Run Behavior\BuildLiteBehavior [ RunTime:0.000023s ]
INFO: [ app_init ] --END-- [ RunTime:0.000554s ]
INFO: [ app_begin ] --START--
INFO: Run Behavior\ReadHtmlCacheBehavior [ RunTime:0.000863s ]
INFO: [ app_begin ] --END-- [ RunTime:0.000925s ]
SQL: SHOW COLUMNS FROM `lf_admin_user` [ RunTime:0.0081s ]

[ 2017-02-22T10:09:25+08:00 ] ::1 /lf/index.php/Admin/Index/memberList.html
INFO: [ app_init ] --START--
INFO: Run Behavior\BuildLiteBehavior [ RunTime:0.000019s ]
INFO: [ app_init ] --END-- [ RunTime:0.000460s ]
INFO: [ app_begin ] --START--
INFO: Run Behavior\ReadHtmlCacheBehavior [ RunTime:0.000672s ]
INFO: [ app_begin ] --END-- [ RunTime:0.000734s ]
SQL: SHOW COLUMNS FROM `lf_admin_user` [ RunTime:0.0073s ]

[ 2017-02-22T10:35:51+08:00 ] 127.0.0.1 /lf/admin
INFO: [ app_init ] --START--
INFO: Run Behavior\BuildLiteBehavior [ RunTime:0.000019s ]
INFO: [ app_init ] --END-- [ RunTime:0.000453s ]
INFO: [ app_begin ] --START--
INFO: Run Behavior\ReadHtmlCacheBehavior [ RunTime:0.000779s ]
INFO: [ app_begin ] --END-- [ RunTime:0.000852s ]
INFO: [ view_parse ] --START--
INFO: [ template_filter ] --START--
INFO: Run Behavior\ContentReplaceBehavior [ RunTime:0.004277s ]
INFO: [ template_filter ] --END-- [ RunTime:0.004380s ]
INFO: Run Behavior\ParseTemplateBehavior [ RunTime:0.085327s ]
INFO: [ view_parse ] --END-- [ RunTime:0.085445s ]
INFO: [ view_filter ] --START--
INFO: Run Behavior\WriteHtmlCacheBehavior [ RunTime:0.000454s ]
INFO: [ view_filter ] --END-- [ RunTime:0.000513s ]

[ 2017-02-22T10:35:52+08:00 ] 127.0.0.1 /lf/index.php/Admin/User/login.html
INFO: [ app_init ] --START--
INFO: Run Behavior\BuildLiteBehavior [ RunTime:0.000024s ]
INFO: [ app_init ] --END-- [ RunTime:0.000448s ]
INFO: [ app_begin ] --START--
INFO: Run Behavior\ReadHtmlCacheBehavior [ RunTime:0.000689s ]
INFO: [ app_begin ] --END-- [ RunTime:0.000750s ]
NOTIC: [8] Undefined index: name E:\phpStudy\WWW\lf\Application\Admin\Controller\UserController.class.php 第 7 行.
INFO: [ view_parse ] --START--
INFO: [ template_filter ] --START--
INFO: Run Behavior\ContentReplaceBehavior [ RunTime:0.000073s ]
INFO: [ template_filter ] --END-- [ RunTime:0.000202s ]
INFO: Run Behavior\ParseTemplateBehavior [ RunTime:0.036546s ]
INFO: [ view_parse ] --END-- [ RunTime:0.036616s ]
INFO: [ view_filter ] --START--
INFO: Run Behavior\WriteHtmlCacheBehavior [ RunTime:0.000327s ]
INFO: [ view_filter ] --END-- [ RunTime:0.000380s ]
INFO: [ app_end ] --START--
INFO: Run Behavior\ShowPageTraceBehavior [ RunTime:0.000665s ]
INFO: [ app_end ] --END-- [ RunTime:0.000721s ]

[ 2017-02-22T10:36:00+08:00 ] ::1 /lf/index.php/Admin/User/login.html
INFO: [ app_init ] --START--
INFO: Run Behavior\BuildLiteBehavior [ RunTime:0.000018s ]
INFO: [ app_init ] --END-- [ RunTime:0.000529s ]
INFO: [ app_begin ] --START--
INFO: Run Behavior\ReadHtmlCacheBehavior [ RunTime:0.000878s ]
INFO: [ app_begin ] --END-- [ RunTime:0.000946s ]
SQL: SHOW COLUMNS FROM `lf_admin_user` [ RunTime:0.0844s ]
SQL: SELECT * FROM `lf_admin_user` WHERE `uname` = 'admin' LIMIT 1   [ RunTime:0.0163s ]
INFO: [ view_parse ] --START--
INFO: [ template_filter ] --START--
INFO: Run Behavior\ContentReplaceBehavior [ RunTime:0.000056s ]
INFO: [ template_filter ] --END-- [ RunTime:0.000132s ]
INFO: Run Behavior\ParseTemplateBehavior [ RunTime:0.008670s ]
INFO: [ view_parse ] --END-- [ RunTime:0.008764s ]
INFO: [ view_filter ] --START--
INFO: Run Behavior\WriteHtmlCacheBehavior [ RunTime:0.000516s ]
INFO: [ view_filter ] --END-- [ RunTime:0.000571s ]
INFO: [ app_end ] --START--
INFO: Run Behavior\ShowPageTraceBehavior [ RunTime:0.000918s ]
INFO: [ app_end ] --END-- [ RunTime:0.000987s ]

[ 2017-02-22T10:36:03+08:00 ] ::1 /lf/index.php/Admin/Index/index.html
INFO: [ app_init ] --START--
INFO: Run Behavior\BuildLiteBehavior [ RunTime:0.000019s ]
INFO: [ app_init ] --END-- [ RunTime:0.000442s ]
INFO: [ app_begin ] --START--
INFO: Run Behavior\ReadHtmlCacheBehavior [ RunTime:0.000746s ]
INFO: [ app_begin ] --END-- [ RunTime:0.000818s ]
SQL: SHOW COLUMNS FROM `lf_admin_user` [ RunTime:0.0070s ]
SQL: SHOW COLUMNS FROM `lf_member` [ RunTime:0.0286s ]
INFO: [ view_parse ] --START--
INFO: [ template_filter ] --START--
INFO: Run Behavior\ContentReplaceBehavior [ RunTime:0.000074s ]
INFO: [ template_filter ] --END-- [ RunTime:0.000144s ]
INFO: Run Behavior\ParseTemplateBehavior [ RunTime:0.028836s ]
INFO: [ view_parse ] --END-- [ RunTime:0.028933s ]
INFO: [ view_filter ] --START--
INFO: Run Behavior\WriteHtmlCacheBehavior [ RunTime:0.000304s ]
INFO: [ view_filter ] --END-- [ RunTime:0.000356s ]
INFO: [ app_end ] --START--
INFO: Run Behavior\ShowPageTraceBehavior [ RunTime:0.000652s ]
INFO: [ app_end ] --END-- [ RunTime:0.000706s ]

[ 2017-02-22T10:36:04+08:00 ] ::1 /lf/index.php/Admin/Index/info.html
INFO: [ app_init ] --START--
INFO: Run Behavior\BuildLiteBehavior [ RunTime:0.000023s ]
INFO: [ app_init ] --END-- [ RunTime:0.000475s ]
INFO: [ app_begin ] --START--
INFO: Run Behavior\ReadHtmlCacheBehavior [ RunTime:0.000769s ]
INFO: [ app_begin ] --END-- [ RunTime:0.000841s ]
SQL: SHOW COLUMNS FROM `lf_admin_user` [ RunTime:0.0055s ]
SQL: SHOW COLUMNS FROM `lf_member` [ RunTime:0.0061s ]
ERR: 非法操作:info

[ 2017-02-22T10:36:06+08:00 ] ::1 /lf/index.php/Admin/Index/memberList.html
INFO: [ app_init ] --START--
INFO: Run Behavior\BuildLiteBehavior [ RunTime:0.000019s ]
INFO: [ app_init ] --END-- [ RunTime:0.000452s ]
INFO: [ app_begin ] --START--
INFO: Run Behavior\ReadHtmlCacheBehavior [ RunTime:0.000655s ]
INFO: [ app_begin ] --END-- [ RunTime:0.000715s ]
SQL: SHOW COLUMNS FROM `lf_admin_user` [ RunTime:0.0078s ]
SQL: SHOW COLUMNS FROM `lf_member` [ RunTime:0.0068s ]
ERR: 1064:You have an error in your SQL syntax; check the manual that corresponds to your MySQL server version for the right syntax to use near '{DB_PREFIX}member_info ON {DB_PREFIX}member.uid={DB_PREFIX}member_info.uid' at line 1
 [ SQL语句 ] : SELECT * FROM `lf_member` INNER JOIN {DB_PREFIX}member_info ON {DB_PREFIX}member.uid={DB_PREFIX}member_info.uid  
ERR: 1064:You have an error in your SQL syntax; check the manual that corresponds to your MySQL server version for the right syntax to use near '{DB_PREFIX}member_info ON {DB_PREFIX}member.uid={DB_PREFIX}member_info.uid' at line 1
 [ SQL语句 ] : SELECT * FROM `lf_member` INNER JOIN {DB_PREFIX}member_info ON {DB_PREFIX}member.uid={DB_PREFIX}member_info.uid  

[ 2017-02-22T10:45:23+08:00 ] ::1 /lf/index.php/Admin/Index/memberList.html
INFO: [ app_init ] --START--
INFO: Run Behavior\BuildLiteBehavior [ RunTime:0.000022s ]
INFO: [ app_init ] --END-- [ RunTime:0.000769s ]
INFO: [ app_begin ] --START--
INFO: Run Behavior\ReadHtmlCacheBehavior [ RunTime:0.001037s ]
INFO: [ app_begin ] --END-- [ RunTime:0.001126s ]
SQL: SHOW COLUMNS FROM `lf_admin_user` [ RunTime:0.0069s ]

[ 2017-02-22T10:46:29+08:00 ] ::1 /lf/index.php/Admin/Index/memberList.html
INFO: [ app_init ] --START--
INFO: Run Behavior\BuildLiteBehavior [ RunTime:0.000020s ]
INFO: [ app_init ] --END-- [ RunTime:0.000485s ]
INFO: [ app_begin ] --START--
INFO: Run Behavior\ReadHtmlCacheBehavior [ RunTime:0.000667s ]
INFO: [ app_begin ] --END-- [ RunTime:0.000728s ]
SQL: SHOW COLUMNS FROM `lf_admin_user` [ RunTime:0.0138s ]
SQL: SHOW COLUMNS FROM `lf_member` [ RunTime:0.0051s ]
INFO: [ view_parse ] --START--
INFO: [ template_filter ] --START--
INFO: Run Behavior\ContentReplaceBehavior [ RunTime:0.000101s ]
INFO: [ template_filter ] --END-- [ RunTime:0.000182s ]
NOTIC: [8] Undefined variable: setting E:\phpStudy\WWW\lf\Application\Runtime\Cache\Admin\22c3c84cf3faa1182b4af59092f97d7f.php 第 8 行.
NOTIC: [8] Undefined variable: iscid E:\phpStudy\WWW\lf\Application\Runtime\Cache\Admin\22c3c84cf3faa1182b4af59092f97d7f.php 第 43 行.
INFO: Run Behavior\ParseTemplateBehavior [ RunTime:0.026074s ]
INFO: [ view_parse ] --END-- [ RunTime:0.026150s ]
INFO: [ view_filter ] --START--
INFO: Run Behavior\WriteHtmlCacheBehavior [ RunTime:0.000429s ]
INFO: [ view_filter ] --END-- [ RunTime:0.000484s ]
INFO: [ app_end ] --START--
INFO: Run Behavior\ShowPageTraceBehavior [ RunTime:0.000839s ]
INFO: [ app_end ] --END-- [ RunTime:0.000899s ]

[ 2017-02-22T10:46:30+08:00 ] ::1 /lf/index.php/Admin/Index/js/pintuer.js
INFO: [ app_init ] --START--
INFO: Run Behavior\BuildLiteBehavior [ RunTime:0.000029s ]
INFO: [ app_init ] --END-- [ RunTime:0.001811s ]
INFO: [ app_begin ] --START--
INFO: Run Behavior\ReadHtmlCacheBehavior [ RunTime:0.000796s ]
INFO: [ app_begin ] --END-- [ RunTime:0.000894s ]
SQL: SHOW COLUMNS FROM `lf_admin_user` [ RunTime:0.0048s ]
SQL: SHOW COLUMNS FROM `lf_member` [ RunTime:0.0054s ]
ERR: 非法操作:js

[ 2017-02-22T10:46:55+08:00 ] ::1 /lf/index.php/Admin/Index/memberList.html
INFO: [ app_init ] --START--
INFO: Run Behavior\BuildLiteBehavior [ RunTime:0.000033s ]
INFO: [ app_init ] --END-- [ RunTime:0.000765s ]
INFO: [ app_begin ] --START--
INFO: Run Behavior\ReadHtmlCacheBehavior [ RunTime:0.000739s ]
INFO: [ app_begin ] --END-- [ RunTime:0.000832s ]
SQL: SHOW COLUMNS FROM `lf_admin_user` [ RunTime:0.0069s ]
SQL: SHOW COLUMNS FROM `lf_member` [ RunTime:0.0067s ]
ERR: 1146:Table 'lf.lfmember_info' doesn't exist
 [ SQL语句 ] : SELECT * FROM `lf_member` INNER JOIN lfmember_info ON lfmember.uid=lfmember_info.uid  
ERR: 1146:Table 'lf.lfmember_info' doesn't exist
 [ SQL语句 ] : SELECT * FROM `lf_member` INNER JOIN lfmember_info ON lfmember.uid=lfmember_info.uid  

[ 2017-02-22T10:47:13+08:00 ] ::1 /lf/index.php/Admin/Index/memberList.html
INFO: [ app_init ] --START--
INFO: Run Behavior\BuildLiteBehavior [ RunTime:0.000019s ]
INFO: [ app_init ] --END-- [ RunTime:0.000444s ]
INFO: [ app_begin ] --START--
INFO: Run Behavior\ReadHtmlCacheBehavior [ RunTime:0.000664s ]
INFO: [ app_begin ] --END-- [ RunTime:0.000724s ]
SQL: SHOW COLUMNS FROM `lf_admin_user` [ RunTime:0.0071s ]
SQL: SHOW COLUMNS FROM `lf_member` [ RunTime:0.0069s ]
SQL: SELECT * FROM `lf_member` INNER JOIN lf_member_info ON lf_member.uid=lf_member_info.uid   [ RunTime:0.0340s ]
INFO: [ view_parse ] --START--
INFO: [ template_filter ] --START--
INFO: Run Behavior\ContentReplaceBehavior [ RunTime:0.000126s ]
INFO: [ template_filter ] --END-- [ RunTime:0.000224s ]
NOTIC: [8] Undefined variable: setting E:\phpStudy\WWW\lf\Application\Runtime\Cache\Admin\22c3c84cf3faa1182b4af59092f97d7f.php 第 8 行.
NOTIC: [8] Undefined variable: iscid E:\phpStudy\WWW\lf\Application\Runtime\Cache\Admin\22c3c84cf3faa1182b4af59092f97d7f.php 第 43 行.
INFO: Run Behavior\ParseTemplateBehavior [ RunTime:0.016790s ]
INFO: [ view_parse ] --END-- [ RunTime:0.016896s ]
INFO: [ view_filter ] --START--
INFO: Run Behavior\WriteHtmlCacheBehavior [ RunTime:0.000412s ]
INFO: [ view_filter ] --END-- [ RunTime:0.000489s ]
INFO: [ app_end ] --START--
INFO: Run Behavior\ShowPageTraceBehavior [ RunTime:0.000941s ]
INFO: [ app_end ] --END-- [ RunTime:0.001020s ]

[ 2017-02-22T10:47:14+08:00 ] ::1 /lf/index.php/Admin/Index/js/pintuer.js
INFO: [ app_init ] --START--
INFO: Run Behavior\BuildLiteBehavior [ RunTime:0.000027s ]
INFO: [ app_init ] --END-- [ RunTime:0.000742s ]
INFO: [ app_begin ] --START--
INFO: Run Behavior\ReadHtmlCacheBehavior [ RunTime:0.000994s ]
INFO: [ app_begin ] --END-- [ RunTime:0.001115s ]
SQL: SHOW COLUMNS FROM `lf_admin_user` [ RunTime:0.0072s ]
SQL: SHOW COLUMNS FROM `lf_member` [ RunTime:0.0075s ]
ERR: 非法操作:js

[ 2017-02-22T10:49:29+08:00 ] ::1 /lf/index.php/Admin/Index/js/pintuer.js
ERR: 非法操作:js

[ 2017-02-22T10:54:38+08:00 ] ::1 /lf/index.php/Admin/Index/memberList.html
ERR: 1054:Unknown column '__member__.uid' in 'on clause'
 [ SQL语句 ] : SELECT * FROM `lf_member` LEFT JOIN lf_member_info ON __member__.uid=lf_member_info.uid  

[ 2017-02-22T10:55:13+08:00 ] ::1 /lf/index.php/Admin/Index/js/pintuer.js
ERR: 非法操作:js

[ 2017-02-22T10:58:27+08:00 ] ::1 /lf/index.php/Admin/Index/js/pintuer.js
ERR: 非法操作:js

[ 2017-02-22T10:59:20+08:00 ] ::1 /lf/index.php/Admin/Index/js/pintuer.js
ERR: 非法操作:js

[ 2017-02-22T10:59:40+08:00 ] ::1 /lf/index.php/Admin/Index/js/pintuer.js
ERR: 非法操作:js

[ 2017-02-22T11:01:09+08:00 ] ::1 /lf/index.php/Admin/Index/js/pintuer.js
ERR: 非法操作:js

[ 2017-02-22T11:02:18+08:00 ] ::1 /lf/index.php/Admin/Index/memberList.html
ERR: 1052:Column 'uid' in where clause is ambiguous
 [ SQL语句 ] : SELECT * FROM `lf_member` LEFT JOIN lf_member_info ON lf_member.uid=lf_member_info.uid  WHERE `uid` = 'name' 

[ 2017-02-22T11:02:48+08:00 ] ::1 /lf/index.php/Admin/Index/js/pintuer.js
ERR: 非法操作:js

[ 2017-02-22T11:03:51+08:00 ] ::1 /lf/index.php/Admin/Index/memberList.html
ERR: Think\Model:filed方法不存在！

[ 2017-02-22T11:04:03+08:00 ] ::1 /lf/index.php/Admin/Index/memberList.html
ERR: Think\Model:getFiled方法不存在！

[ 2017-02-22T11:04:35+08:00 ] ::1 /lf/index.php/Admin/Index/memberList.html
ERR: 1054:Unknown column 'name' in 'field list'
 [ SQL语句 ] : SELECT `name` FROM `lf_member` LEFT JOIN lf_member_info ON lf_member.uid=lf_member_info.uid  

[ 2017-02-22T11:05:55+08:00 ] ::1 /lf/index.php/Admin/Index/js/pintuer.js
ERR: 非法操作:js

[ 2017-02-22T11:06:21+08:00 ] ::1 /lf/index.php/Admin/Index/js/pintuer.js
ERR: 非法操作:js

[ 2017-02-22T11:06:39+08:00 ] ::1 /lf/index.php/Admin/Index/js/pintuer.js
ERR: 非法操作:js

[ 2017-02-22T11:09:47+08:00 ] ::1 /lf/index.php/Admin/Index/info.html
ERR: 非法操作:info

[ 2017-02-22T11:09:51+08:00 ] ::1 /lf/index.php/Admin/Index/js/pintuer.js
ERR: 非法操作:js

[ 2017-02-22T11:09:53+08:00 ] ::1 /lf/index.php/Admin/Index/js/pintuer.js
ERR: 非法操作:js

[ 2017-02-22T11:09:55+08:00 ] ::1 /lf/index.php/Admin/Index/js/pintuer.js
ERR: 非法操作:js

[ 2017-02-22T12:12:27+08:00 ] ::1 /lf/index.php/Admin/Index/info.html
ERR: 非法操作:info

[ 2017-02-22T12:44:05+08:00 ] ::1 /lf/index.php/Admin/Index/info.html
ERR: 非法操作:info

[ 2017-02-22T12:46:30+08:00 ] ::1 /lf/index.php/Admin/Index/memberGroup/doing/add.html
ERR: XML标签语法错误

[ 2017-02-22T13:28:45+08:00 ] ::1 /lf/index.php/Admin/Index/info.html
ERR: 非法操作:info

[ 2017-02-22T14:41:15+08:00 ] ::1 /lf/index.php/Admin/Index/info.html
ERR: 非法操作:info

[ 2017-02-22T14:45:27+08:00 ] ::1 /lf/index.php/Admin/Index/member.html
ERR: 1052:Column 'uid' in field list is ambiguous
 [ SQL语句 ] : SELECT `uid`,`username`,`phone`,`email`,`nickname`,`sex`,`card`,`group` FROM `lf_member` LEFT JOIN lf_member_info ON lf_member.uid=lf_member_info.uid LEFT JOIN lf_member_group ON lf_member.status=lf_member_group.id  

[ 2017-02-22T14:46:40+08:00 ] ::1 /lf/index.php/Admin/Index/member.html
ERR: 1052:Column 'uid' in field list is ambiguous
 [ SQL语句 ] : SELECT `uid`,`username`,`phone`,`email`,`nickname`,`sex`,`card`,`group` FROM `lf_member` LEFT JOIN lf_member_info ON lf_member.uid=lf_member_info.uid LEFT JOIN lf_member_group ON lf_member.status=lf_member_group.id  

[ 2017-02-22T14:50:11+08:00 ] ::1 /lf/index.php/Admin/Index/member.html
ERR: 1052:Column 'uid' in field list is ambiguous
 [ SQL语句 ] : SELECT `username`,`uid`,`phone`,`email`,`nickname`,`sex`,`card`,`group` FROM `lf_member` LEFT JOIN lf_member_info ON lf_member.uid=lf_member_info.uid LEFT JOIN lf_member_group ON lf_member.status=lf_member_group.id  

[ 2017-02-22T14:51:05+08:00 ] ::1 /lf/index.php/Admin/Index/member.html
ERR: 1054:Unknown column '__MEMBER__.uid' in 'field list'
 [ SQL语句 ] : SELECT __MEMBER__.uid,`username`,`phone`,`email`,`nickname`,`sex`,`card`,`group` FROM `lf_member` LEFT JOIN lf_member_info ON lf_member.uid=lf_member_info.uid LEFT JOIN lf_member_group ON lf_member.status=lf_member_group.id  

[ 2017-02-22T14:54:10+08:00 ] ::1 /lf/index.php/Admin/Index/member.html
ERR: 1064:You have an error in your SQL syntax; check the manual that corresponds to your MySQL server version for the right syntax to use near 'MI ON M.uid=MI.uid LEFT JOIN lf_member_group ON lf_member.status=lf_member_group' at line 1
 [ SQL语句 ] : SELECT M.uid,`username`,`phone`,`email`,`nickname`,`sex`,`card`,`group` FROM `lf_member` LEFT JOIN M lf_member_info MI ON M.uid=MI.uid LEFT JOIN lf_member_group ON lf_member.status=lf_member_group.id  

[ 2017-02-22T14:54:40+08:00 ] ::1 /lf/index.php/Admin/Index/member.html
ERR: 1064:You have an error in your SQL syntax; check the manual that corresponds to your MySQL server version for the right syntax to use near 'MI ON M.uid=MI.uid LEFT JOIN lf_member_group ON lf_member.status=lf_member_group' at line 1
 [ SQL语句 ] : SELECT `username`,`phone`,`email`,`nickname`,`sex`,`card`,`group` FROM `lf_member` LEFT JOIN M lf_member_info MI ON M.uid=MI.uid LEFT JOIN lf_member_group ON lf_member.status=lf_member_group.id  

[ 2017-02-22T15:09:44+08:00 ] ::1 /lf/index.php/Admin/Index/member/doing/edit/id/2.html
ERR: 1052:Column 'uid' in where clause is ambiguous
 [ SQL语句 ] : SELECT * FROM `lf_member` LEFT JOIN lf_member_info ON lf_member.uid=lf_member_info.uid LEFT JOIN lf_member_group ON lf_member.status=lf_member_group.id  WHERE `uid` = '2' 

